<?xml version="1.0" encoding="UTF-8"?>
<testsuite xmlns:xsi="http://www.w3.org/2001/XMLSchema-instance" xsi:noNamespaceSchemaLocation="https://maven.apache.org/surefire/maven-surefire-plugin/xsd/surefire-test-report-3.0.xsd" version="3.0" name="TestSuite" time="105.674" tests="5" errors="0" skipped="0" failures="0">
  <properties>
    <property name="java.specification.version" value="21"/>
    <property name="sun.cpu.isalist" value="amd64"/>
    <property name="sun.jnu.encoding" value="Cp1252"/>
    <property name="testng.Skipped" value="0"/>
    <property name="java.class.path" value="C:\Users\SAI  KATIKI\eclipse-workspace\MagentoApplication\target\test-classes;C:\Users\SAI  KATIKI\eclipse-workspace\MagentoApplication\target\classes;C:\Users\SAI  KATIKI\.m2\repository\org\seleniumhq\selenium\selenium-java\4.29.0\selenium-java-4.29.0.jar;C:\Users\SAI  KATIKI\.m2\repository\org\seleniumhq\selenium\selenium-api\4.29.0\selenium-api-4.29.0.jar;C:\Users\SAI  KATIKI\.m2\repository\org\jspecify\jspecify\1.0.0\jspecify-1.0.0.jar;C:\Users\SAI  KATIKI\.m2\repository\org\seleniumhq\selenium\selenium-chrome-driver\4.29.0\selenium-chrome-driver-4.29.0.jar;C:\Users\SAI  KATIKI\.m2\repository\com\google\auto\service\auto-service-annotations\1.1.1\auto-service-annotations-1.1.1.jar;C:\Users\SAI  KATIKI\.m2\repository\org\seleniumhq\selenium\selenium-chromium-driver\4.29.0\selenium-chromium-driver-4.29.0.jar;C:\Users\SAI  KATIKI\.m2\repository\org\seleniumhq\selenium\selenium-json\4.29.0\selenium-json-4.29.0.jar;C:\Users\SAI  KATIKI\.m2\repository\org\seleniumhq\selenium\selenium-manager\4.29.0\selenium-manager-4.29.0.jar;C:\Users\SAI  KATIKI\.m2\repository\org\seleniumhq\selenium\selenium-devtools-v131\4.29.0\selenium-devtools-v131-4.29.0.jar;C:\Users\SAI  KATIKI\.m2\repository\org\seleniumhq\selenium\selenium-devtools-v132\4.29.0\selenium-devtools-v132-4.29.0.jar;C:\Users\SAI  KATIKI\.m2\repository\org\seleniumhq\selenium\selenium-devtools-v133\4.29.0\selenium-devtools-v133-4.29.0.jar;C:\Users\SAI  KATIKI\.m2\repository\org\seleniumhq\selenium\selenium-devtools-v85\4.29.0\selenium-devtools-v85-4.29.0.jar;C:\Users\SAI  KATIKI\.m2\repository\org\seleniumhq\selenium\selenium-edge-driver\4.29.0\selenium-edge-driver-4.29.0.jar;C:\Users\SAI  KATIKI\.m2\repository\org\seleniumhq\selenium\selenium-firefox-driver\4.29.0\selenium-firefox-driver-4.29.0.jar;C:\Users\SAI  KATIKI\.m2\repository\org\seleniumhq\selenium\selenium-http\4.29.0\selenium-http-4.29.0.jar;C:\Users\SAI  KATIKI\.m2\repository\org\seleniumhq\selenium\selenium-ie-driver\4.29.0\selenium-ie-driver-4.29.0.jar;C:\Users\SAI  KATIKI\.m2\repository\org\seleniumhq\selenium\selenium-remote-driver\4.29.0\selenium-remote-driver-4.29.0.jar;C:\Users\SAI  KATIKI\.m2\repository\com\google\guava\guava\33.4.0-jre\guava-33.4.0-jre.jar;C:\Users\SAI  KATIKI\.m2\repository\com\google\guava\failureaccess\1.0.2\failureaccess-1.0.2.jar;C:\Users\SAI  KATIKI\.m2\repository\com\google\guava\listenablefuture\9999.0-empty-to-avoid-conflict-with-guava\listenablefuture-9999.0-empty-to-avoid-conflict-with-guava.jar;C:\Users\SAI  KATIKI\.m2\repository\com\google\code\findbugs\jsr305\3.0.2\jsr305-3.0.2.jar;C:\Users\SAI  KATIKI\.m2\repository\org\checkerframework\checker-qual\3.43.0\checker-qual-3.43.0.jar;C:\Users\SAI  KATIKI\.m2\repository\com\google\errorprone\error_prone_annotations\2.36.0\error_prone_annotations-2.36.0.jar;C:\Users\SAI  KATIKI\.m2\repository\com\google\j2objc\j2objc-annotations\3.0.0\j2objc-annotations-3.0.0.jar;C:\Users\SAI  KATIKI\.m2\repository\io\opentelemetry\semconv\opentelemetry-semconv\1.28.0-alpha\opentelemetry-semconv-1.28.0-alpha.jar;C:\Users\SAI  KATIKI\.m2\repository\io\opentelemetry\opentelemetry-api\1.46.0\opentelemetry-api-1.46.0.jar;C:\Users\SAI  KATIKI\.m2\repository\io\opentelemetry\opentelemetry-context\1.46.0\opentelemetry-context-1.46.0.jar;C:\Users\SAI  KATIKI\.m2\repository\io\opentelemetry\opentelemetry-exporter-logging\1.46.0\opentelemetry-exporter-logging-1.46.0.jar;C:\Users\SAI  KATIKI\.m2\repository\io\opentelemetry\opentelemetry-sdk-common\1.46.0\opentelemetry-sdk-common-1.46.0.jar;C:\Users\SAI  KATIKI\.m2\repository\io\opentelemetry\opentelemetry-sdk-extension-autoconfigure-spi\1.46.0\opentelemetry-sdk-extension-autoconfigure-spi-1.46.0.jar;C:\Users\SAI  KATIKI\.m2\repository\io\opentelemetry\opentelemetry-sdk-extension-autoconfigure\1.46.0\opentelemetry-sdk-extension-autoconfigure-1.46.0.jar;C:\Users\SAI  KATIKI\.m2\repository\io\opentelemetry\opentelemetry-api-incubator\1.46.0-alpha\opentelemetry-api-incubator-1.46.0-alpha.jar;C:\Users\SAI  KATIKI\.m2\repository\io\opentelemetry\opentelemetry-sdk-trace\1.46.0\opentelemetry-sdk-trace-1.46.0.jar;C:\Users\SAI  KATIKI\.m2\repository\io\opentelemetry\opentelemetry-sdk\1.46.0\opentelemetry-sdk-1.46.0.jar;C:\Users\SAI  KATIKI\.m2\repository\io\opentelemetry\opentelemetry-sdk-metrics\1.46.0\opentelemetry-sdk-metrics-1.46.0.jar;C:\Users\SAI  KATIKI\.m2\repository\io\opentelemetry\opentelemetry-sdk-logs\1.46.0\opentelemetry-sdk-logs-1.46.0.jar;C:\Users\SAI  KATIKI\.m2\repository\net\bytebuddy\byte-buddy\1.15.11\byte-buddy-1.15.11.jar;C:\Users\SAI  KATIKI\.m2\repository\org\seleniumhq\selenium\selenium-os\4.29.0\selenium-os-4.29.0.jar;C:\Users\SAI  KATIKI\.m2\repository\org\apache\commons\commons-exec\1.4.0\commons-exec-1.4.0.jar;C:\Users\SAI  KATIKI\.m2\repository\org\seleniumhq\selenium\selenium-safari-driver\4.29.0\selenium-safari-driver-4.29.0.jar;C:\Users\SAI  KATIKI\.m2\repository\org\seleniumhq\selenium\selenium-support\4.29.0\selenium-support-4.29.0.jar;C:\Users\SAI  KATIKI\.m2\repository\io\cucumber\cucumber-java\7.21.1\cucumber-java-7.21.1.jar;C:\Users\SAI  KATIKI\.m2\repository\org\apiguardian\apiguardian-api\1.1.2\apiguardian-api-1.1.2.jar;C:\Users\SAI  KATIKI\.m2\repository\io\cucumber\cucumber-picocontainer\7.21.1\cucumber-picocontainer-7.21.1.jar;C:\Users\SAI  KATIKI\.m2\repository\org\picocontainer\picocontainer\2.15\picocontainer-2.15.jar;C:\Users\SAI  KATIKI\.m2\repository\io\cucumber\cucumber-core\7.21.1\cucumber-core-7.21.1.jar;C:\Users\SAI  KATIKI\.m2\repository\io\cucumber\cucumber-gherkin-messages\7.21.1\cucumber-gherkin-messages-7.21.1.jar;C:\Users\SAI  KATIKI\.m2\repository\io\cucumber\gherkin\31.0.0\gherkin-31.0.0.jar;C:\Users\SAI  KATIKI\.m2\repository\io\cucumber\messages\27.2.0\messages-27.2.0.jar;C:\Users\SAI  KATIKI\.m2\repository\io\cucumber\testng-xml-formatter\0.3.1\testng-xml-formatter-0.3.1.jar;C:\Users\SAI  KATIKI\.m2\repository\io\cucumber\query\13.2.0\query-13.2.0.jar;C:\Users\SAI  KATIKI\.m2\repository\io\cucumber\tag-expressions\6.1.2\tag-expressions-6.1.2.jar;C:\Users\SAI  KATIKI\.m2\repository\io\cucumber\cucumber-expressions\18.0.1\cucumber-expressions-18.0.1.jar;C:\Users\SAI  KATIKI\.m2\repository\io\cucumber\datatable\7.21.1\datatable-7.21.1.jar;C:\Users\SAI  KATIKI\.m2\repository\io\cucumber\cucumber-plugin\7.21.1\cucumber-plugin-7.21.1.jar;C:\Users\SAI  KATIKI\.m2\repository\io\cucumber\docstring\7.21.1\docstring-7.21.1.jar;C:\Users\SAI  KATIKI\.m2\repository\io\cucumber\html-formatter\21.9.0\html-formatter-21.9.0.jar;C:\Users\SAI  KATIKI\.m2\repository\io\cucumber\junit-xml-formatter\0.7.1\junit-xml-formatter-0.7.1.jar;C:\Users\SAI  KATIKI\.m2\repository\io\cucumber\ci-environment\10.0.1\ci-environment-10.0.1.jar;C:\Users\SAI  KATIKI\.m2\repository\io\cucumber\cucumber-testng\7.21.1\cucumber-testng-7.21.1.jar;C:\Users\SAI  KATIKI\.m2\repository\org\testng\testng\7.10.2\testng-7.10.2.jar;C:\Users\SAI  KATIKI\.m2\repository\com\beust\jcommander\1.82\jcommander-1.82.jar;C:\Users\SAI  KATIKI\.m2\repository\org\webjars\jquery\3.7.1\jquery-3.7.1.jar;C:\Users\SAI  KATIKI\.m2\repository\io\cucumber\cucumber-gherkin\7.21.1\cucumber-gherkin-7.21.1.jar;C:\Users\SAI  KATIKI\.m2\repository\org\apache\poi\poi\5.4.0\poi-5.4.0.jar;C:\Users\SAI  KATIKI\.m2\repository\commons-codec\commons-codec\1.17.1\commons-codec-1.17.1.jar;C:\Users\SAI  KATIKI\.m2\repository\org\apache\commons\commons-collections4\4.4\commons-collections4-4.4.jar;C:\Users\SAI  KATIKI\.m2\repository\org\apache\commons\commons-math3\3.6.1\commons-math3-3.6.1.jar;C:\Users\SAI  KATIKI\.m2\repository\commons-io\commons-io\2.18.0\commons-io-2.18.0.jar;C:\Users\SAI  KATIKI\.m2\repository\com\zaxxer\SparseBitSet\1.3\SparseBitSet-1.3.jar;C:\Users\SAI  KATIKI\.m2\repository\org\apache\logging\log4j\log4j-api\2.24.3\log4j-api-2.24.3.jar;C:\Users\SAI  KATIKI\.m2\repository\org\apache\poi\poi-ooxml\5.4.0\poi-ooxml-5.4.0.jar;C:\Users\SAI  KATIKI\.m2\repository\org\apache\poi\poi-ooxml-lite\5.4.0\poi-ooxml-lite-5.4.0.jar;C:\Users\SAI  KATIKI\.m2\repository\org\apache\xmlbeans\xmlbeans\5.3.0\xmlbeans-5.3.0.jar;C:\Users\SAI  KATIKI\.m2\repository\org\apache\commons\commons-compress\1.27.1\commons-compress-1.27.1.jar;C:\Users\SAI  KATIKI\.m2\repository\org\apache\commons\commons-lang3\3.16.0\commons-lang3-3.16.0.jar;C:\Users\SAI  KATIKI\.m2\repository\com\github\virtuald\curvesapi\1.08\curvesapi-1.08.jar;C:\Users\SAI  KATIKI\.m2\repository\io\qameta\allure\allure-testng\2.29.1\allure-testng-2.29.1.jar;C:\Users\SAI  KATIKI\.m2\repository\io\qameta\allure\allure-java-commons\2.29.1\allure-java-commons-2.29.1.jar;C:\Users\SAI  KATIKI\.m2\repository\io\qameta\allure\allure-model\2.29.1\allure-model-2.29.1.jar;C:\Users\SAI  KATIKI\.m2\repository\io\qameta\allure\allure-test-filter\2.29.1\allure-test-filter-2.29.1.jar;C:\Users\SAI  KATIKI\.m2\repository\com\github\sdrss\reportng\2.7.0\reportng-2.7.0.jar;C:\Users\SAI  KATIKI\.m2\repository\velocity\velocity\1.5\velocity-1.5.jar;C:\Users\SAI  KATIKI\.m2\repository\commons-collections\commons-collections\3.1\commons-collections-3.1.jar;C:\Users\SAI  KATIKI\.m2\repository\commons-lang\commons-lang\2.1\commons-lang-2.1.jar;C:\Users\SAI  KATIKI\.m2\repository\oro\oro\2.0.8\oro-2.0.8.jar;C:\Users\SAI  KATIKI\.m2\repository\com\fasterxml\jackson\core\jackson-core\2.10.1\jackson-core-2.10.1.jar;C:\Users\SAI  KATIKI\.m2\repository\com\fasterxml\jackson\core\jackson-databind\2.12.7.1\jackson-databind-2.12.7.1.jar;C:\Users\SAI  KATIKI\.m2\repository\com\fasterxml\jackson\core\jackson-annotations\2.10.1\jackson-annotations-2.10.1.jar;C:\Users\SAI  KATIKI\.m2\repository\com\google\inject\guice\4.2.2\guice-4.2.2.jar;C:\Users\SAI  KATIKI\.m2\repository\javax\inject\javax.inject\1\javax.inject-1.jar;C:\Users\SAI  KATIKI\.m2\repository\aopalliance\aopalliance\1.0\aopalliance-1.0.jar;C:\Users\SAI  KATIKI\.m2\repository\org\slf4j\slf4j-api\1.7.29\slf4j-api-1.7.29.jar;C:\Users\SAI  KATIKI\.m2\repository\com\aventstack\extentreports\5.1.2\extentreports-5.1.2.jar;C:\Users\SAI  KATIKI\.m2\repository\io\reactivex\rxjava3\rxjava\3.1.6\rxjava-3.1.6.jar;C:\Users\SAI  KATIKI\.m2\repository\org\reactivestreams\reactive-streams\1.0.4\reactive-streams-1.0.4.jar;C:\Users\SAI  KATIKI\.m2\repository\org\freemarker\freemarker\2.3.32\freemarker-2.3.32.jar;C:\Users\SAI  KATIKI\.m2\repository\org\projectlombok\lombok\1.18.26\lombok-1.18.26.jar;C:\Users\SAI  KATIKI\.m2\repository\com\google\code\gson\gson\2.10.1\gson-2.10.1.jar;"/>
    <property name="java.vm.vendor" value="Oracle Corporation"/>
    <property name="sun.arch.data.model" value="64"/>
    <property name="user.variant" value=""/>
    <property name="java.vendor.url" value="https://java.oracle.com/"/>
    <property name="user.timezone" value="Asia/Calcutta"/>
    <property name="os.name" value="Windows 11"/>
    <property name="java.vm.specification.version" value="21"/>
    <property name="sun.java.launcher" value="SUN_STANDARD"/>
    <property name="user.country" value="IN"/>
    <property name="sun.boot.library.path" value="C:\Program Files\Java\jdk-21\bin"/>
    <property name="sun.java.command" value="C:\Users\SAI  KATIKI\AppData\Local\Temp\surefire9047603915206326164\surefirebooter5165951205208453603.jar C:\Users\SAI  KATIKI\AppData\Local\Temp\surefire9047603915206326164 2025-03-24T09-57-28_210-jvmRun1 surefire1188010305185172374tmp surefire_0592681260898628196tmp"/>
    <property name="jdk.debug" value="release"/>
    <property name="surefire.test.class.path" value="C:\Users\SAI  KATIKI\eclipse-workspace\MagentoApplication\target\test-classes;C:\Users\SAI  KATIKI\eclipse-workspace\MagentoApplication\target\classes;C:\Users\SAI  KATIKI\.m2\repository\org\seleniumhq\selenium\selenium-java\4.29.0\selenium-java-4.29.0.jar;C:\Users\SAI  KATIKI\.m2\repository\org\seleniumhq\selenium\selenium-api\4.29.0\selenium-api-4.29.0.jar;C:\Users\SAI  KATIKI\.m2\repository\org\jspecify\jspecify\1.0.0\jspecify-1.0.0.jar;C:\Users\SAI  KATIKI\.m2\repository\org\seleniumhq\selenium\selenium-chrome-driver\4.29.0\selenium-chrome-driver-4.29.0.jar;C:\Users\SAI  KATIKI\.m2\repository\com\google\auto\service\auto-service-annotations\1.1.1\auto-service-annotations-1.1.1.jar;C:\Users\SAI  KATIKI\.m2\repository\org\seleniumhq\selenium\selenium-chromium-driver\4.29.0\selenium-chromium-driver-4.29.0.jar;C:\Users\SAI  KATIKI\.m2\repository\org\seleniumhq\selenium\selenium-json\4.29.0\selenium-json-4.29.0.jar;C:\Users\SAI  KATIKI\.m2\repository\org\seleniumhq\selenium\selenium-manager\4.29.0\selenium-manager-4.29.0.jar;C:\Users\SAI  KATIKI\.m2\repository\org\seleniumhq\selenium\selenium-devtools-v131\4.29.0\selenium-devtools-v131-4.29.0.jar;C:\Users\SAI  KATIKI\.m2\repository\org\seleniumhq\selenium\selenium-devtools-v132\4.29.0\selenium-devtools-v132-4.29.0.jar;C:\Users\SAI  KATIKI\.m2\repository\org\seleniumhq\selenium\selenium-devtools-v133\4.29.0\selenium-devtools-v133-4.29.0.jar;C:\Users\SAI  KATIKI\.m2\repository\org\seleniumhq\selenium\selenium-devtools-v85\4.29.0\selenium-devtools-v85-4.29.0.jar;C:\Users\SAI  KATIKI\.m2\repository\org\seleniumhq\selenium\selenium-edge-driver\4.29.0\selenium-edge-driver-4.29.0.jar;C:\Users\SAI  KATIKI\.m2\repository\org\seleniumhq\selenium\selenium-firefox-driver\4.29.0\selenium-firefox-driver-4.29.0.jar;C:\Users\SAI  KATIKI\.m2\repository\org\seleniumhq\selenium\selenium-http\4.29.0\selenium-http-4.29.0.jar;C:\Users\SAI  KATIKI\.m2\repository\org\seleniumhq\selenium\selenium-ie-driver\4.29.0\selenium-ie-driver-4.29.0.jar;C:\Users\SAI  KATIKI\.m2\repository\org\seleniumhq\selenium\selenium-remote-driver\4.29.0\selenium-remote-driver-4.29.0.jar;C:\Users\SAI  KATIKI\.m2\repository\com\google\guava\guava\33.4.0-jre\guava-33.4.0-jre.jar;C:\Users\SAI  KATIKI\.m2\repository\com\google\guava\failureaccess\1.0.2\failureaccess-1.0.2.jar;C:\Users\SAI  KATIKI\.m2\repository\com\google\guava\listenablefuture\9999.0-empty-to-avoid-conflict-with-guava\listenablefuture-9999.0-empty-to-avoid-conflict-with-guava.jar;C:\Users\SAI  KATIKI\.m2\repository\com\google\code\findbugs\jsr305\3.0.2\jsr305-3.0.2.jar;C:\Users\SAI  KATIKI\.m2\repository\org\checkerframework\checker-qual\3.43.0\checker-qual-3.43.0.jar;C:\Users\SAI  KATIKI\.m2\repository\com\google\errorprone\error_prone_annotations\2.36.0\error_prone_annotations-2.36.0.jar;C:\Users\SAI  KATIKI\.m2\repository\com\google\j2objc\j2objc-annotations\3.0.0\j2objc-annotations-3.0.0.jar;C:\Users\SAI  KATIKI\.m2\repository\io\opentelemetry\semconv\opentelemetry-semconv\1.28.0-alpha\opentelemetry-semconv-1.28.0-alpha.jar;C:\Users\SAI  KATIKI\.m2\repository\io\opentelemetry\opentelemetry-api\1.46.0\opentelemetry-api-1.46.0.jar;C:\Users\SAI  KATIKI\.m2\repository\io\opentelemetry\opentelemetry-context\1.46.0\opentelemetry-context-1.46.0.jar;C:\Users\SAI  KATIKI\.m2\repository\io\opentelemetry\opentelemetry-exporter-logging\1.46.0\opentelemetry-exporter-logging-1.46.0.jar;C:\Users\SAI  KATIKI\.m2\repository\io\opentelemetry\opentelemetry-sdk-common\1.46.0\opentelemetry-sdk-common-1.46.0.jar;C:\Users\SAI  KATIKI\.m2\repository\io\opentelemetry\opentelemetry-sdk-extension-autoconfigure-spi\1.46.0\opentelemetry-sdk-extension-autoconfigure-spi-1.46.0.jar;C:\Users\SAI  KATIKI\.m2\repository\io\opentelemetry\opentelemetry-sdk-extension-autoconfigure\1.46.0\opentelemetry-sdk-extension-autoconfigure-1.46.0.jar;C:\Users\SAI  KATIKI\.m2\repository\io\opentelemetry\opentelemetry-api-incubator\1.46.0-alpha\opentelemetry-api-incubator-1.46.0-alpha.jar;C:\Users\SAI  KATIKI\.m2\repository\io\opentelemetry\opentelemetry-sdk-trace\1.46.0\opentelemetry-sdk-trace-1.46.0.jar;C:\Users\SAI  KATIKI\.m2\repository\io\opentelemetry\opentelemetry-sdk\1.46.0\opentelemetry-sdk-1.46.0.jar;C:\Users\SAI  KATIKI\.m2\repository\io\opentelemetry\opentelemetry-sdk-metrics\1.46.0\opentelemetry-sdk-metrics-1.46.0.jar;C:\Users\SAI  KATIKI\.m2\repository\io\opentelemetry\opentelemetry-sdk-logs\1.46.0\opentelemetry-sdk-logs-1.46.0.jar;C:\Users\SAI  KATIKI\.m2\repository\net\bytebuddy\byte-buddy\1.15.11\byte-buddy-1.15.11.jar;C:\Users\SAI  KATIKI\.m2\repository\org\seleniumhq\selenium\selenium-os\4.29.0\selenium-os-4.29.0.jar;C:\Users\SAI  KATIKI\.m2\repository\org\apache\commons\commons-exec\1.4.0\commons-exec-1.4.0.jar;C:\Users\SAI  KATIKI\.m2\repository\org\seleniumhq\selenium\selenium-safari-driver\4.29.0\selenium-safari-driver-4.29.0.jar;C:\Users\SAI  KATIKI\.m2\repository\org\seleniumhq\selenium\selenium-support\4.29.0\selenium-support-4.29.0.jar;C:\Users\SAI  KATIKI\.m2\repository\io\cucumber\cucumber-java\7.21.1\cucumber-java-7.21.1.jar;C:\Users\SAI  KATIKI\.m2\repository\org\apiguardian\apiguardian-api\1.1.2\apiguardian-api-1.1.2.jar;C:\Users\SAI  KATIKI\.m2\repository\io\cucumber\cucumber-picocontainer\7.21.1\cucumber-picocontainer-7.21.1.jar;C:\Users\SAI  KATIKI\.m2\repository\org\picocontainer\picocontainer\2.15\picocontainer-2.15.jar;C:\Users\SAI  KATIKI\.m2\repository\io\cucumber\cucumber-core\7.21.1\cucumber-core-7.21.1.jar;C:\Users\SAI  KATIKI\.m2\repository\io\cucumber\cucumber-gherkin-messages\7.21.1\cucumber-gherkin-messages-7.21.1.jar;C:\Users\SAI  KATIKI\.m2\repository\io\cucumber\gherkin\31.0.0\gherkin-31.0.0.jar;C:\Users\SAI  KATIKI\.m2\repository\io\cucumber\messages\27.2.0\messages-27.2.0.jar;C:\Users\SAI  KATIKI\.m2\repository\io\cucumber\testng-xml-formatter\0.3.1\testng-xml-formatter-0.3.1.jar;C:\Users\SAI  KATIKI\.m2\repository\io\cucumber\query\13.2.0\query-13.2.0.jar;C:\Users\SAI  KATIKI\.m2\repository\io\cucumber\tag-expressions\6.1.2\tag-expressions-6.1.2.jar;C:\Users\SAI  KATIKI\.m2\repository\io\cucumber\cucumber-expressions\18.0.1\cucumber-expressions-18.0.1.jar;C:\Users\SAI  KATIKI\.m2\repository\io\cucumber\datatable\7.21.1\datatable-7.21.1.jar;C:\Users\SAI  KATIKI\.m2\repository\io\cucumber\cucumber-plugin\7.21.1\cucumber-plugin-7.21.1.jar;C:\Users\SAI  KATIKI\.m2\repository\io\cucumber\docstring\7.21.1\docstring-7.21.1.jar;C:\Users\SAI  KATIKI\.m2\repository\io\cucumber\html-formatter\21.9.0\html-formatter-21.9.0.jar;C:\Users\SAI  KATIKI\.m2\repository\io\cucumber\junit-xml-formatter\0.7.1\junit-xml-formatter-0.7.1.jar;C:\Users\SAI  KATIKI\.m2\repository\io\cucumber\ci-environment\10.0.1\ci-environment-10.0.1.jar;C:\Users\SAI  KATIKI\.m2\repository\io\cucumber\cucumber-testng\7.21.1\cucumber-testng-7.21.1.jar;C:\Users\SAI  KATIKI\.m2\repository\org\testng\testng\7.10.2\testng-7.10.2.jar;C:\Users\SAI  KATIKI\.m2\repository\com\beust\jcommander\1.82\jcommander-1.82.jar;C:\Users\SAI  KATIKI\.m2\repository\org\webjars\jquery\3.7.1\jquery-3.7.1.jar;C:\Users\SAI  KATIKI\.m2\repository\io\cucumber\cucumber-gherkin\7.21.1\cucumber-gherkin-7.21.1.jar;C:\Users\SAI  KATIKI\.m2\repository\org\apache\poi\poi\5.4.0\poi-5.4.0.jar;C:\Users\SAI  KATIKI\.m2\repository\commons-codec\commons-codec\1.17.1\commons-codec-1.17.1.jar;C:\Users\SAI  KATIKI\.m2\repository\org\apache\commons\commons-collections4\4.4\commons-collections4-4.4.jar;C:\Users\SAI  KATIKI\.m2\repository\org\apache\commons\commons-math3\3.6.1\commons-math3-3.6.1.jar;C:\Users\SAI  KATIKI\.m2\repository\commons-io\commons-io\2.18.0\commons-io-2.18.0.jar;C:\Users\SAI  KATIKI\.m2\repository\com\zaxxer\SparseBitSet\1.3\SparseBitSet-1.3.jar;C:\Users\SAI  KATIKI\.m2\repository\org\apache\logging\log4j\log4j-api\2.24.3\log4j-api-2.24.3.jar;C:\Users\SAI  KATIKI\.m2\repository\org\apache\poi\poi-ooxml\5.4.0\poi-ooxml-5.4.0.jar;C:\Users\SAI  KATIKI\.m2\repository\org\apache\poi\poi-ooxml-lite\5.4.0\poi-ooxml-lite-5.4.0.jar;C:\Users\SAI  KATIKI\.m2\repository\org\apache\xmlbeans\xmlbeans\5.3.0\xmlbeans-5.3.0.jar;C:\Users\SAI  KATIKI\.m2\repository\org\apache\commons\commons-compress\1.27.1\commons-compress-1.27.1.jar;C:\Users\SAI  KATIKI\.m2\repository\org\apache\commons\commons-lang3\3.16.0\commons-lang3-3.16.0.jar;C:\Users\SAI  KATIKI\.m2\repository\com\github\virtuald\curvesapi\1.08\curvesapi-1.08.jar;C:\Users\SAI  KATIKI\.m2\repository\io\qameta\allure\allure-testng\2.29.1\allure-testng-2.29.1.jar;C:\Users\SAI  KATIKI\.m2\repository\io\qameta\allure\allure-java-commons\2.29.1\allure-java-commons-2.29.1.jar;C:\Users\SAI  KATIKI\.m2\repository\io\qameta\allure\allure-model\2.29.1\allure-model-2.29.1.jar;C:\Users\SAI  KATIKI\.m2\repository\io\qameta\allure\allure-test-filter\2.29.1\allure-test-filter-2.29.1.jar;C:\Users\SAI  KATIKI\.m2\repository\com\github\sdrss\reportng\2.7.0\reportng-2.7.0.jar;C:\Users\SAI  KATIKI\.m2\repository\velocity\velocity\1.5\velocity-1.5.jar;C:\Users\SAI  KATIKI\.m2\repository\commons-collections\commons-collections\3.1\commons-collections-3.1.jar;C:\Users\SAI  KATIKI\.m2\repository\commons-lang\commons-lang\2.1\commons-lang-2.1.jar;C:\Users\SAI  KATIKI\.m2\repository\oro\oro\2.0.8\oro-2.0.8.jar;C:\Users\SAI  KATIKI\.m2\repository\com\fasterxml\jackson\core\jackson-core\2.10.1\jackson-core-2.10.1.jar;C:\Users\SAI  KATIKI\.m2\repository\com\fasterxml\jackson\core\jackson-databind\2.12.7.1\jackson-databind-2.12.7.1.jar;C:\Users\SAI  KATIKI\.m2\repository\com\fasterxml\jackson\core\jackson-annotations\2.10.1\jackson-annotations-2.10.1.jar;C:\Users\SAI  KATIKI\.m2\repository\com\google\inject\guice\4.2.2\guice-4.2.2.jar;C:\Users\SAI  KATIKI\.m2\repository\javax\inject\javax.inject\1\javax.inject-1.jar;C:\Users\SAI  KATIKI\.m2\repository\aopalliance\aopalliance\1.0\aopalliance-1.0.jar;C:\Users\SAI  KATIKI\.m2\repository\org\slf4j\slf4j-api\1.7.29\slf4j-api-1.7.29.jar;C:\Users\SAI  KATIKI\.m2\repository\com\aventstack\extentreports\5.1.2\extentreports-5.1.2.jar;C:\Users\SAI  KATIKI\.m2\repository\io\reactivex\rxjava3\rxjava\3.1.6\rxjava-3.1.6.jar;C:\Users\SAI  KATIKI\.m2\repository\org\reactivestreams\reactive-streams\1.0.4\reactive-streams-1.0.4.jar;C:\Users\SAI  KATIKI\.m2\repository\org\freemarker\freemarker\2.3.32\freemarker-2.3.32.jar;C:\Users\SAI  KATIKI\.m2\repository\org\projectlombok\lombok\1.18.26\lombok-1.18.26.jar;C:\Users\SAI  KATIKI\.m2\repository\com\google\code\gson\gson\2.10.1\gson-2.10.1.jar;"/>
    <property name="sun.cpu.endian" value="little"/>
    <property name="user.home" value="C:\Users\SAI  KATIKI"/>
    <property name="user.language" value="en"/>
    <property name="java.specification.vendor" value="Oracle Corporation"/>
    <property name="java.version.date" value="2024-01-16"/>
    <property name="java.home" value="C:\Program Files\Java\jdk-21"/>
    <property name="file.separator" value="\"/>
    <property name="basedir" value="C:\Users\SAI  KATIKI\eclipse-workspace\MagentoApplication"/>
    <property name="style.color" value="always"/>
    <property name="java.vm.compressedOopsMode" value="32-bit"/>
    <property name="line.separator" value="&#10;"/>
    <property name="testng.Failed" value="0"/>
    <property name="java.vm.specification.vendor" value="Oracle Corporation"/>
    <property name="java.specification.name" value="Java Platform API Specification"/>
    <property name="surefire.real.class.path" value="C:\Users\SAI  KATIKI\AppData\Local\Temp\surefire9047603915206326164\surefirebooter5165951205208453603.jar"/>
    <property name="user.script" value=""/>
    <property name="sun.management.compiler" value="HotSpot 64-Bit Tiered Compilers"/>
    <property name="java.runtime.version" value="21.0.2+13-LTS-58"/>
    <property name="user.name" value="SAI  KATIKI"/>
    <property name="stdout.encoding" value="Cp1252"/>
    <property name="path.separator" value=";"/>
    <property name="os.version" value="10.0"/>
    <property name="testng.KnownDefect" value="0"/>
    <property name="java.runtime.name" value="Java(TM) SE Runtime Environment"/>
    <property name="file.encoding" value="UTF-8"/>
    <property name="testng.Fixed" value="0"/>
    <property name="java.vm.name" value="Java HotSpot(TM) 64-Bit Server VM"/>
    <property name="localRepository" value="C:\Users\SAI  KATIKI\.m2\repository"/>
    <property name="java.vendor.url.bug" value="https://bugreport.java.com/bugreport/"/>
    <property name="java.io.tmpdir" value="C:\Users\SAIKAT~1\AppData\Local\Temp\"/>
    <property name="java.version" value="21.0.2"/>
    <property name="user.dir" value="C:\Users\SAI  KATIKI\eclipse-workspace\MagentoApplication"/>
    <property name="os.arch" value="amd64"/>
    <property name="java.vm.specification.name" value="Java Virtual Machine Specification"/>
    <property name="sun.os.patch.level" value=""/>
    <property name="native.encoding" value="Cp1252"/>
    <property name="java.library.path" value="C:\Program Files\Java\jdk-21\bin;C:\WINDOWS\Sun\Java\bin;C:\WINDOWS\system32;C:\WINDOWS;C:/sai katiki/eclipse-java-2024-12-R-win32-x86_64/eclipse//plugins/org.eclipse.justj.openjdk.hotspot.jre.full.win32.x86_64_21.0.5.v20241023-1957/jre/bin/server;C:/sai katiki/eclipse-java-2024-12-R-win32-x86_64/eclipse//plugins/org.eclipse.justj.openjdk.hotspot.jre.full.win32.x86_64_21.0.5.v20241023-1957/jre/bin;C:\Selenium Jar\allure-2.33.0\allure-2.33.0\bin;C:\Python312\;C:\oraclexe\app\oracle\product\11.2.0\server\bin;C:\Program Files\Common Files\Oracle\Java\javapath;C:\WINDOWS\system32;C:\WINDOWS;C:\WINDOWS\System32\Wbem;C:\WINDOWS\System32\WindowsPowerShell\v1.0\;C:\WINDOWS\System32\OpenSSH\;C:\Program Files (x86)\Intel\Intel(R) Management Engine Components\DAL;C:\Program Files\Intel\Intel(R) Management Engine Components\DAL;C:\Program Files\Java\jdk-21\bin;C:\Program Files\nodejs\;C:\ProgramData\chocolatey\bin;C:\Program Files\Java\jdk-23\bin;C:\Program Files\Git\cmd;C:\Program Files\MySQL\MySQL Shell 8.0\bin\;C:\Users\SAI  KATIKI\AppData\Local\Programs\Python\Python310\Scripts\;C:\Users\SAI  KATIKI\AppData\Local\Programs\Python\Python310\;C:\Users\SAI  KATIKI\AppData\Local\Microsoft\WindowsApps;C:\Users\SAI  KATIKI\AppData\Local\Programs\Microsoft VS Code\bin;C:\Users\SAI  KATIKI\AppData\Roaming\npm;C:\sai katiki\eclipse-java-2024-12-R-win32-x86_64\eclipse;;."/>
    <property name="java.vm.info" value="mixed mode, sharing"/>
    <property name="stderr.encoding" value="Cp1252"/>
    <property name="java.vendor" value="Oracle Corporation"/>
    <property name="java.vm.version" value="21.0.2+13-LTS-58"/>
    <property name="sun.io.unicode.encoding" value="UnicodeLittle"/>
    <property name="testng.Passed" value="5"/>
    <property name="java.class.version" value="65.0"/>
  </properties>
  <testcase name="runScenario[&quot;Adding Multiple Products to the Cart and Verify Cart&quot;, &quot;Unknown&quot;](1)" classname="com.Magento.TestRunner.MagentoApplicationTestNG" time="37.259">
    <system-out><![CDATA[
Scenario: Adding Multiple Products to the Cart and Verify Cart                      # src/test/resources/com.MagentoApllication.Feature/AddingMultipleProducts.feature:2
  Given user opens the browser                                                      # com.Magento.StepDefnition.RegistrationPageStepDefnition.user_opens_the_browser()
  And user navigates to the url "https://magento.softwaretestingboard.com/" webpage # com.Magento.StepDefnition.AddingMultipleProductsStepDefnition.user_navigates_to_the_url_webpage(java.lang.String)
  When user clicks on signin link                                                   # com.Magento.StepDefnition.ProductSearchPageStepDefnition.user_clicks_on_signin_link()
2025-03-24T04:27:39.808373300Z main ERROR Log4j API could not find a logging provider.
saikatiki3@gmail.com
ece@1234
  And user enters the Login credentials                                             # com.Magento.StepDefnition.ProductSearchPageStepDefnition.user_enters_the_login_credentials(io.cucumber.datatable.DataTable)
    | Logindata.xlsx |
  And user clicks on sign in button                                                 # com.Magento.StepDefnition.ProductSearchPageStepDefnition.user_clicks_on_sign_in_button()
  And user enters "shirts" in search box                                            # com.Magento.StepDefnition.ProductSearchPageStepDefnition.user_enters_in_search_box(java.lang.String)
  And user selects "shirts for men" option                                          # com.Magento.StepDefnition.ProductSearchPageStepDefnition.user_selects_option(java.lang.String)
  And user selects a product "Bella Tank" from the search result page               # com.Magento.StepDefnition.ProductSearchPageStepDefnition.user_selects_a_product_from_the_search_result_page(java.lang.String)
  And user selects the size is "XS"                                                 # com.Magento.StepDefnition.ProductSearchPageStepDefnition.user_selects_the_size_is(java.lang.String)
Black
  And user selects the colour is "Black"                                            # com.Magento.StepDefnition.ProductSearchPageStepDefnition.user_selects_the_colour_is(java.lang.String)
  And user enters the quantity is "1"                                               # com.Magento.StepDefnition.ProductSearchPageStepDefnition.user_enters_the_quantity_is(java.lang.String)
  And user click on Add to Cart button                                              # com.Magento.StepDefnition.ProductSearchPageStepDefnition.user_click_on_add_to_cart_button()
  And user enters "shirts" in search box                                            # com.Magento.StepDefnition.ProductSearchPageStepDefnition.user_enters_in_search_box(java.lang.String)
  And user selects "shirts for men" option                                          # com.Magento.StepDefnition.ProductSearchPageStepDefnition.user_selects_option(java.lang.String)
  And user selects a product "Radiant Tee" from the search result page              # com.Magento.StepDefnition.ProductSearchPageStepDefnition.user_selects_a_product_from_the_search_result_page(java.lang.String)
  And user selects the size is "XS"                                                 # com.Magento.StepDefnition.ProductSearchPageStepDefnition.user_selects_the_size_is(java.lang.String)
Blue
  And user selects the colour is "Blue"                                             # com.Magento.StepDefnition.ProductSearchPageStepDefnition.user_selects_the_colour_is(java.lang.String)
  And user enters the quantity is "1"                                               # com.Magento.StepDefnition.ProductSearchPageStepDefnition.user_enters_the_quantity_is(java.lang.String)
  And user click on Add to Cart button                                              # com.Magento.StepDefnition.ProductSearchPageStepDefnition.user_click_on_add_to_cart_button()
  And user clicks on the shopping cart                                              # com.Magento.StepDefnition.AddingMultipleProductsStepDefnition.user_clicks_on_the_shopping_cart()
  Then user verifies the selected items "Bella Tank"                                # com.Magento.StepDefnition.AddingMultipleProductsStepDefnition.user_verifies_the_selected_items(java.lang.String)
  And user verifies "Radiant Tee"                                                   # com.Magento.StepDefnition.AddingMultipleProductsStepDefnition.user_verifies(java.lang.String)
  And user verifies the price is "$61.00"                                           # com.Magento.StepDefnition.AddingMultipleProductsStepDefnition.user_verifies_the_price_is(java.lang.String)
]]></system-out>
    <system-err><![CDATA[SLF4J: Failed to load class "org.slf4j.impl.StaticLoggerBinder".
SLF4J: Defaulting to no-operation (NOP) logger implementation
SLF4J: See http://www.slf4j.org/codes.html#StaticLoggerBinder for further details.
Mar 24, 2025 9:57:32 AM org.openqa.selenium.devtools.CdpVersionFinder findNearestMatch
WARNING: Unable to find an exact match for CDP version 134, returning the closest version; found: 133; Please update to a Selenium version that supports CDP version 134
]]></system-err>
  </testcase>
  <testcase name="runScenario[&quot;To check the Login Functionality&quot;, &quot;Unknown&quot;](2)" classname="com.Magento.TestRunner.MagentoApplicationTestNG" time="13.245">
    <system-out><![CDATA[
Scenario Outline: To check the Login Functionality                                                                                                           # src/test/resources/com.MagentoApllication.Feature/Login.feature:16
  Given user opens the browser                                                                                                                               # com.Magento.StepDefnition.RegistrationPageStepDefnition.user_opens_the_browser()
  And navigate to the "https://magento.softwaretestingboard.com/" webpage                                                                                    # com.Magento.StepDefnition.RegistrationPageStepDefnition.navigate_to_the_webpage(java.lang.String)
  When user clicks on signin link                                                                                                                            # com.Magento.StepDefnition.ProductSearchPageStepDefnition.user_clicks_on_signin_link()
  And user enteres 'saikatiki3@gmail.com' email                                                                                                              # com.Magento.StepDefnition.SignInPageStepDefnition.user_enteres_email(java.lang.String)
  And user enteres wrong 'ece@123' password                                                                                                                  # com.Magento.StepDefnition.SignInPageStepDefnition.user_enteres_wrong_password(java.lang.String)
  And user clicks on sign in button                                                                                                                          # com.Magento.StepDefnition.ProductSearchPageStepDefnition.user_clicks_on_sign_in_button()
  Then user verifies the error message 'The account sign-in was incorrect or your account is disabled temporarily. Please wait and try again later.' appears # com.Magento.StepDefnition.SignInPageStepDefnition.user_verifies_the_error_message_appears(java.lang.String)
  When user enters correct 'ece@1234' password                                                                                                               # com.Magento.StepDefnition.SignInPageStepDefnition.user_enters_correct_password(java.lang.String)
  And user clicks on sign in button                                                                                                                          # com.Magento.StepDefnition.ProductSearchPageStepDefnition.user_clicks_on_sign_in_button()
The Element is Displayed
  And users verifies 'Home Page' is displayed after successful sign in                                                                                       # com.Magento.StepDefnition.SignInPageStepDefnition.users_verifies_is_displayed_after_successful_sign_in(java.lang.String)
  And close the browser                                                                                                                                      # com.Magento.StepDefnition.RegistrationPageStepDefnition.close_the_browser()
]]></system-out>
    <system-err><![CDATA[Mar 24, 2025 9:58:09 AM org.openqa.selenium.devtools.CdpVersionFinder findNearestMatch
WARNING: Unable to find an exact match for CDP version 134, returning the closest version; found: 133; Please update to a Selenium version that supports CDP version 134
]]></system-err>
  </testcase>
  <testcase name="runScenario[&quot;To check the login,product search and add to cart functionalities&quot;, &quot;Unknown&quot;](3)" classname="com.Magento.TestRunner.MagentoApplicationTestNG" time="23.946">
    <system-out><![CDATA[
Scenario: To check the login,product search and add to cart functionalities    # src/test/resources/com.MagentoApllication.Feature/LoginAndProductSearch.feature:2
  Given user opens the browser                                                 # com.Magento.StepDefnition.RegistrationPageStepDefnition.user_opens_the_browser()
  And And navigate to the "https://magento.softwaretestingboard.com/" webpage  # com.Magento.StepDefnition.ProductSearchPageStepDefnition.and_navigate_to_the_webpage(java.lang.String)
  When user clicks on signin link                                              # com.Magento.StepDefnition.ProductSearchPageStepDefnition.user_clicks_on_signin_link()
saikatiki3@gmail.com
ece@1234
  And user enters the Login credentials                                        # com.Magento.StepDefnition.ProductSearchPageStepDefnition.user_enters_the_login_credentials(io.cucumber.datatable.DataTable)
    | Logindata.xlsx |
  And user clicks on sign in button                                            # com.Magento.StepDefnition.ProductSearchPageStepDefnition.user_clicks_on_sign_in_button()
  And user enters "shirts" in search box                                       # com.Magento.StepDefnition.ProductSearchPageStepDefnition.user_enters_in_search_box(java.lang.String)
  And user selects "shirts for men" option                                     # com.Magento.StepDefnition.ProductSearchPageStepDefnition.user_selects_option(java.lang.String)
  And user selects a product "Bella Tank" from the search result page          # com.Magento.StepDefnition.ProductSearchPageStepDefnition.user_selects_a_product_from_the_search_result_page(java.lang.String)
  And user selects the size is "XS"                                            # com.Magento.StepDefnition.ProductSearchPageStepDefnition.user_selects_the_size_is(java.lang.String)
Black
  And user selects the colour is "Black"                                       # com.Magento.StepDefnition.ProductSearchPageStepDefnition.user_selects_the_colour_is(java.lang.String)
  And user enters the quantity is "1"                                          # com.Magento.StepDefnition.ProductSearchPageStepDefnition.user_enters_the_quantity_is(java.lang.String)
  And user click on Add to Cart button                                         # com.Magento.StepDefnition.ProductSearchPageStepDefnition.user_click_on_add_to_cart_button()
  Then user verifies the "You added Bella Tank to your shopping cart." message # com.Magento.StepDefnition.ProductSearchPageStepDefnition.user_verifies_the_message(java.lang.String)
  And user closes the browser                                                  # com.Magento.StepDefnition.ProductSearchPageStepDefnition.user_closes_the_browser()
]]></system-out>
    <system-err><![CDATA[Mar 24, 2025 9:58:22 AM org.openqa.selenium.devtools.CdpVersionFinder findNearestMatch
WARNING: Unable to find an exact match for CDP version 134, returning the closest version; found: 133; Please update to a Selenium version that supports CDP version 134
]]></system-err>
  </testcase>
  <testcase name="runScenario[&quot;To check the Sign Out Process functionality&quot;, &quot;Unknown&quot;](4)" classname="com.Magento.TestRunner.MagentoApplicationTestNG" time="15.195">
    <system-out><![CDATA[
Scenario: To check the Sign Out Process functionality                                      # src/test/resources/com.MagentoApllication.Feature/Logout.feature:2
  Given user opens the browser                                                             # com.Magento.StepDefnition.RegistrationPageStepDefnition.user_opens_the_browser()
  And And navigate to the "https://magento.softwaretestingboard.com/" homepage             # com.Magento.StepDefnition.SignOutPageStepDefnition.and_navigate_to_the_homepage(java.lang.String)
  When user clicks on signin link                                                          # com.Magento.StepDefnition.ProductSearchPageStepDefnition.user_clicks_on_signin_link()
saikatiki3@gmail.com
ece@1234
  And user enters the Login credentials                                                    # com.Magento.StepDefnition.ProductSearchPageStepDefnition.user_enters_the_login_credentials(io.cucumber.datatable.DataTable)
    | Logindata.xlsx |
  And user clicks on login button                                                          # com.Magento.StepDefnition.SignOutPageStepDefnition.user_clicks_on_login_button()
  When user click on that menu icon                                                        # com.Magento.StepDefnition.SignOutPageStepDefnition.user_click_on_that_menu_icon()
  And user clicks on the sign out option                                                   # com.Magento.StepDefnition.SignOutPageStepDefnition.user_clicks_on_the_sign_out_option()
  Then user verifies that the session ends "You are signed out" and redirected to homepage # com.Magento.StepDefnition.SignOutPageStepDefnition.user_verifies_that_the_session_ends_and_redirected_to_homepage(java.lang.String)
  And close the browser                                                                    # com.Magento.StepDefnition.RegistrationPageStepDefnition.close_the_browser()
]]></system-out>
    <system-err><![CDATA[Mar 24, 2025 9:58:46 AM org.openqa.selenium.devtools.CdpVersionFinder findNearestMatch
WARNING: Unable to find an exact match for CDP version 134, returning the closest version; found: 133; Please update to a Selenium version that supports CDP version 134
]]></system-err>
  </testcase>
  <testcase name="runScenario[&quot;To check the Registration Functionality&quot;, &quot;Unknown&quot;](5)" classname="com.Magento.TestRunner.MagentoApplicationTestNG" time="13.977">
    <system-out><![CDATA[
Scenario Outline: To check the Registration Functionality                                                                       # src/test/resources/com.MagentoApllication.Feature/Registration.feature:19
  Given user opens the browser                                                                                                  # com.Magento.StepDefnition.RegistrationPageStepDefnition.user_opens_the_browser()
  And navigate to the "https://magento.softwaretestingboard.com/" webpage                                                       # com.Magento.StepDefnition.RegistrationPageStepDefnition.navigate_to_the_webpage(java.lang.String)
  When user clicks on the Create an Account link                                                                                # com.Magento.StepDefnition.RegistrationPageStepDefnition.user_clicks_on_the_create_an_account_link()
  When user enters 'katiki' first name                                                                                          # com.Magento.StepDefnition.RegistrationPageStepDefnition.user_enters_first_name(java.lang.String)
  And user enteres 'sai' last name                                                                                              # com.Magento.StepDefnition.RegistrationPageStepDefnition.user_enteres_last_name(java.lang.String)
  And user enteres Invalid 'saikatiki' Email                                                                                    # com.Magento.StepDefnition.RegistrationPageStepDefnition.user_enteres_invalid_email(java.lang.String)
  And user enteres 'ece@1234' password                                                                                          # com.Magento.StepDefnition.RegistrationPageStepDefnition.user_enteres_password(java.lang.String)
  And user enteres 'ece@1234' confirm password                                                                                  # com.Magento.StepDefnition.RegistrationPageStepDefnition.user_enteres_confirm_password(java.lang.String)
  And user clicks on Create an Account button                                                                                   # com.Magento.StepDefnition.RegistrationPageStepDefnition.user_clicks_on_create_an_account_button()
  Then user verifies the 'Please enter a valid email address (Ex: johndoe@domain.com).' message appears under the email textbox # com.Magento.StepDefnition.RegistrationPageStepDefnition.user_verifies_the_message_appears_under_the_email_textbox(java.lang.String)
  When user enters valid 'saikatiki569@gmail.com' Email                                                                         # com.Magento.StepDefnition.RegistrationPageStepDefnition.user_enters_valid_email(java.lang.String)
  And user clicks on Create an Account button                                                                                   # com.Magento.StepDefnition.RegistrationPageStepDefnition.user_clicks_on_create_an_account_button()
  Then user verifies the thank you 'Thank you for registering with Main Website Store.' in next page                            # com.Magento.StepDefnition.RegistrationPageStepDefnition.user_verifies_the_thank_you_in_next_page(java.lang.String)
  And close the browser                                                                                                         # com.Magento.StepDefnition.RegistrationPageStepDefnition.close_the_browser()
]]></system-out>
    <system-err><![CDATA[Mar 24, 2025 9:59:01 AM org.openqa.selenium.devtools.CdpVersionFinder findNearestMatch
WARNING: Unable to find an exact match for CDP version 134, returning the closest version; found: 133; Please update to a Selenium version that supports CDP version 134
]]></system-err>
  </testcase>
</testsuite>