<?xml version="1.0" encoding="UTF-8"?>
<!-- Generated by org.testng.reporters.JUnitReportReporter -->
<testsuite hostname="DESKTOP-EJEFS1L" failures="0" tests="1" name="com.Magento.TestRunner.SignOutTestNG" time="15.820" errors="0" timestamp="2025-03-22T17:40:48 IST" skipped="0">
  <testcase classname="com.Magento.TestRunner.SignOutTestNG" name="runScenario" time="15.820"/>
</testsuite> <!-- com.Magento.TestRunner.SignOutTestNG -->
