<?xml version="1.0" encoding="UTF-8"?>
<!-- Generated by org.testng.reporters.JUnitReportReporter -->
<testsuite hostname="DESKTOP-EJEFS1L" failures="0" tests="1" name="com.Magento.TestRunner.SignInTestNG" time="62.794" errors="0" timestamp="2025-03-22T17:40:48 IST" skipped="0">
  <testcase classname="com.Magento.TestRunner.SignInTestNG" name="runScenario" time="62.794"/>
</testsuite> <!-- com.Magento.TestRunner.SignInTestNG -->
