<?xml version="1.0" encoding="UTF-8"?>
<!-- Generated by org.testng.reporters.JUnitReportReporter -->
<testsuite hostname="DESKTOP-EJEFS1L" failures="1" tests="1" name="com.Magento.TestRunner.MagentoApplicationTestNG" time="45.483" errors="0" timestamp="2025-03-21T14:26:28 IST" skipped="0">
  <testcase classname="com.Magento.TestRunner.MagentoApplicationTestNG" name="runScenario" time="45.483">
    <failure message="expected [You are signed out] but found [Home Page]" type="java.lang.AssertionError">
      <![CDATA[java.lang.AssertionError: expected [You are signed out] but found [Home Page]
at org.testng.Assert.fail(Assert.java:111)
at org.testng.Assert.failNotEquals(Assert.java:1578)
at org.testng.Assert.assertEqualsImpl(Assert.java:150)
at org.testng.Assert.assertEquals(Assert.java:132)
at org.testng.Assert.assertEquals(Assert.java:656)
at org.testng.Assert.assertEquals(Assert.java:666)
at com.Magento.StepDefnition.SignOutPageStepDefnition.user_verifies_that_the_session_ends_and_redirected_to_homepage(SignOutPageStepDefnition.java:57)
at âœ½.user verifies that the session ends "You are signed out" and redirected to homepage(file:///C:/Users/SAI%20%20KATIKI/eclipse-workspace/MagentoApplication/src/test/resources/com.MagentoApllication.Feature/Logout.feature:11)
]]>
    </failure>
  </testcase> <!-- runScenario -->
</testsuite> <!-- com.Magento.TestRunner.MagentoApplicationTestNG -->
