<?xml version="1.0" encoding="UTF-8"?>
<!-- Generated by org.testng.reporters.JUnitReportReporter -->
<testsuite hostname="DESKTOP-EJEFS1L" failures="0" tests="5" name="com.Magento.TestRunner.MagentoApplicationTestNG" time="103.549" errors="0" timestamp="2025-03-24T09:59:14 IST" skipped="0">
  <testcase classname="com.Magento.TestRunner.MagentoApplicationTestNG" name="runScenario" time="13.243"/>
  <testcase classname="com.Magento.TestRunner.MagentoApplicationTestNG" name="runScenario" time="37.190"/>
  <testcase classname="com.Magento.TestRunner.MagentoApplicationTestNG" name="runScenario" time="23.950"/>
  <testcase classname="com.Magento.TestRunner.MagentoApplicationTestNG" name="runScenario" time="15.192"/>
  <testcase classname="com.Magento.TestRunner.MagentoApplicationTestNG" name="runScenario" time="13.974"/>
</testsuite> <!-- com.Magento.TestRunner.MagentoApplicationTestNG -->
