<?xml version="1.0" encoding="UTF-8"?>
<!-- Generated by org.testng.reporters.JUnitReportReporter -->
<testsuite hostname="DESKTOP-EJEFS1L" failures="0" tests="1" name="com.Magento.TestRunner.RegistrationTestNG" time="14.855" errors="0" timestamp="2025-03-22T15:18:34 IST" skipped="0">
  <testcase classname="com.Magento.TestRunner.RegistrationTestNG" name="runScenario" time="14.855"/>
</testsuite> <!-- com.Magento.TestRunner.RegistrationTestNG -->
