<?xml version="1.0" encoding="UTF-8"?>
<!-- Generated by org.testng.reporters.JUnitReportReporter -->
<testsuite hostname="DESKTOP-EJEFS1L" failures="0" tests="1" name="com.Magento.TestRunner.ProductSearchAndAddToCartTestNG" time="22.370" errors="0" timestamp="2025-03-22T15:18:34 IST" skipped="0">
  <testcase classname="com.Magento.TestRunner.ProductSearchAndAddToCartTestNG" name="runScenario" time="22.370"/>
</testsuite> <!-- com.Magento.TestRunner.ProductSearchAndAddToCartTestNG -->
